<?xml version="1.0" encoding="UTF-8"?>
<testsuite xmlns:xsi="http://www.w3.org/2001/XMLSchema-instance" xsi:noNamespaceSchemaLocation="https://maven.apache.org/surefire/maven-surefire-plugin/xsd/surefire-test-report-3.0.xsd" version="3.0" name="org.evoting.de.topicmanagement.domain.model.topic.TopicTest" time="0.003" tests="3" errors="0" skipped="0" failures="0">
  <properties>
    <property name="java.specification.version" value="21"/>
    <property name="sun.cpu.isalist" value="amd64"/>
    <property name="sun.jnu.encoding" value="Cp1252"/>
    <property name="java.class.path" value="H:\Java\eVoting-DE\target\test-classes;H:\Java\eVoting-DE\target\classes;C:\Users\shado\.m2\repository\jakarta\persistence\jakarta.persistence-api\3.1.0\jakarta.persistence-api-3.1.0.jar;C:\Users\shado\.m2\repository\jakarta\validation\jakarta.validation-api\3.1.0\jakarta.validation-api-3.1.0.jar;C:\Users\shado\.m2\repository\org\mindrot\jbcrypt\0.4\jbcrypt-0.4.jar;C:\Users\shado\.m2\repository\org\springframework\boot\spring-boot\3.3.5\spring-boot-3.3.5.jar;C:\Users\shado\.m2\repository\org\springframework\spring-core\6.1.14\spring-core-6.1.14.jar;C:\Users\shado\.m2\repository\org\springframework\spring-jcl\6.1.14\spring-jcl-6.1.14.jar;C:\Users\shado\.m2\repository\org\springframework\spring-context\6.1.14\spring-context-6.1.14.jar;C:\Users\shado\.m2\repository\org\springframework\spring-aop\6.1.14\spring-aop-6.1.14.jar;C:\Users\shado\.m2\repository\org\springframework\spring-beans\6.1.14\spring-beans-6.1.14.jar;C:\Users\shado\.m2\repository\org\springframework\spring-expression\6.1.14\spring-expression-6.1.14.jar;C:\Users\shado\.m2\repository\io\micrometer\micrometer-observation\1.13.6\micrometer-observation-1.13.6.jar;C:\Users\shado\.m2\repository\io\micrometer\micrometer-commons\1.13.6\micrometer-commons-1.13.6.jar;C:\Users\shado\.m2\repository\org\springframework\boot\spring-boot-starter\3.3.5\spring-boot-starter-3.3.5.jar;C:\Users\shado\.m2\repository\org\springframework\boot\spring-boot-autoconfigure\3.3.5\spring-boot-autoconfigure-3.3.5.jar;C:\Users\shado\.m2\repository\jakarta\annotation\jakarta.annotation-api\2.1.1\jakarta.annotation-api-2.1.1.jar;C:\Users\shado\.m2\repository\org\yaml\snakeyaml\2.2\snakeyaml-2.2.jar;C:\Users\shado\.m2\repository\org\springframework\boot\spring-boot-starter-web\3.3.5\spring-boot-starter-web-3.3.5.jar;C:\Users\shado\.m2\repository\org\springframework\boot\spring-boot-starter-json\3.3.5\spring-boot-starter-json-3.3.5.jar;C:\Users\shado\.m2\repository\com\fasterxml\jackson\datatype\jackson-datatype-jdk8\2.17.2\jackson-datatype-jdk8-2.17.2.jar;C:\Users\shado\.m2\repository\com\fasterxml\jackson\datatype\jackson-datatype-jsr310\2.17.2\jackson-datatype-jsr310-2.17.2.jar;C:\Users\shado\.m2\repository\com\fasterxml\jackson\module\jackson-module-parameter-names\2.17.2\jackson-module-parameter-names-2.17.2.jar;C:\Users\shado\.m2\repository\org\springframework\boot\spring-boot-starter-tomcat\3.3.5\spring-boot-starter-tomcat-3.3.5.jar;C:\Users\shado\.m2\repository\org\apache\tomcat\embed\tomcat-embed-core\10.1.31\tomcat-embed-core-10.1.31.jar;C:\Users\shado\.m2\repository\org\apache\tomcat\embed\tomcat-embed-el\10.1.31\tomcat-embed-el-10.1.31.jar;C:\Users\shado\.m2\repository\org\apache\tomcat\embed\tomcat-embed-websocket\10.1.31\tomcat-embed-websocket-10.1.31.jar;C:\Users\shado\.m2\repository\org\springframework\spring-web\6.1.14\spring-web-6.1.14.jar;C:\Users\shado\.m2\repository\org\springframework\spring-webmvc\6.1.14\spring-webmvc-6.1.14.jar;C:\Users\shado\.m2\repository\org\junit\jupiter\junit-jupiter\5.8.2\junit-jupiter-5.8.2.jar;C:\Users\shado\.m2\repository\org\junit\jupiter\junit-jupiter-api\5.10.5\junit-jupiter-api-5.10.5.jar;C:\Users\shado\.m2\repository\org\opentest4j\opentest4j\1.3.0\opentest4j-1.3.0.jar;C:\Users\shado\.m2\repository\org\junit\platform\junit-platform-commons\1.10.5\junit-platform-commons-1.10.5.jar;C:\Users\shado\.m2\repository\org\junit\jupiter\junit-jupiter-params\5.10.5\junit-jupiter-params-5.10.5.jar;C:\Users\shado\.m2\repository\org\junit\jupiter\junit-jupiter-engine\5.8.2\junit-jupiter-engine-5.8.2.jar;C:\Users\shado\.m2\repository\org\junit\platform\junit-platform-engine\1.10.5\junit-platform-engine-1.10.5.jar;C:\Users\shado\.m2\repository\org\apiguardian\apiguardian-api\1.1.2\apiguardian-api-1.1.2.jar;C:\Users\shado\.m2\repository\com\fasterxml\jackson\core\jackson-databind\2.18.1\jackson-databind-2.18.1.jar;C:\Users\shado\.m2\repository\com\fasterxml\jackson\core\jackson-annotations\2.17.2\jackson-annotations-2.17.2.jar;C:\Users\shado\.m2\repository\com\fasterxml\jackson\core\jackson-core\2.17.2\jackson-core-2.17.2.jar;C:\Users\shado\.m2\repository\org\springframework\boot\spring-boot-starter-data-jpa\3.3.5\spring-boot-starter-data-jpa-3.3.5.jar;C:\Users\shado\.m2\repository\org\springframework\boot\spring-boot-starter-aop\3.3.5\spring-boot-starter-aop-3.3.5.jar;C:\Users\shado\.m2\repository\org\aspectj\aspectjweaver\1.9.22.1\aspectjweaver-1.9.22.1.jar;C:\Users\shado\.m2\repository\org\springframework\boot\spring-boot-starter-jdbc\3.3.5\spring-boot-starter-jdbc-3.3.5.jar;C:\Users\shado\.m2\repository\com\zaxxer\HikariCP\5.1.0\HikariCP-5.1.0.jar;C:\Users\shado\.m2\repository\org\springframework\spring-jdbc\6.1.14\spring-jdbc-6.1.14.jar;C:\Users\shado\.m2\repository\org\springframework\data\spring-data-jpa\3.3.5\spring-data-jpa-3.3.5.jar;C:\Users\shado\.m2\repository\org\springframework\data\spring-data-commons\3.3.5\spring-data-commons-3.3.5.jar;C:\Users\shado\.m2\repository\org\springframework\spring-orm\6.1.14\spring-orm-6.1.14.jar;C:\Users\shado\.m2\repository\org\springframework\spring-tx\6.1.14\spring-tx-6.1.14.jar;C:\Users\shado\.m2\repository\org\slf4j\slf4j-api\2.0.16\slf4j-api-2.0.16.jar;C:\Users\shado\.m2\repository\org\springframework\spring-aspects\6.1.14\spring-aspects-6.1.14.jar;C:\Users\shado\.m2\repository\org\json\json\20240303\json-20240303.jar;C:\Users\shado\.m2\repository\org\apache\maven\plugins\maven-surefire-report-plugin\3.5.1\maven-surefire-report-plugin-3.5.1.jar;C:\Users\shado\.m2\repository\org\apache\maven\surefire\surefire-logger-api\3.5.1\surefire-logger-api-3.5.1.jar;C:\Users\shado\.m2\repository\org\apache\maven\surefire\surefire-report-parser\3.5.1\surefire-report-parser-3.5.1.jar;C:\Users\shado\.m2\repository\org\apache\maven\shared\maven-shared-utils\3.3.4\maven-shared-utils-3.3.4.jar;C:\Users\shado\.m2\repository\commons-io\commons-io\2.6\commons-io-2.6.jar;C:\Users\shado\.m2\repository\org\apache\maven\doxia\doxia-sink-api\2.0.0-M12\doxia-sink-api-2.0.0-M12.jar;C:\Users\shado\.m2\repository\org\apache\maven\doxia\doxia-core\2.0.0-M12\doxia-core-2.0.0-M12.jar;C:\Users\shado\.m2\repository\javax\inject\javax.inject\1\javax.inject-1.jar;C:\Users\shado\.m2\repository\org\apache\commons\commons-text\1.12.0\commons-text-1.12.0.jar;C:\Users\shado\.m2\repository\org\apache\commons\commons-lang3\3.14.0\commons-lang3-3.14.0.jar;C:\Users\shado\.m2\repository\org\apache\maven\reporting\maven-reporting-impl\4.0.0-M15\maven-reporting-impl-4.0.0-M15.jar;C:\Users\shado\.m2\repository\org\apache\maven\doxia\doxia-site-model\2.0.0-M19\doxia-site-model-2.0.0-M19.jar;C:\Users\shado\.m2\repository\org\apache\maven\doxia\doxia-integration-tools\2.0.0-M19\doxia-integration-tools-2.0.0-M19.jar;C:\Users\shado\.m2\repository\org\apache\maven\doxia\doxia-site-renderer\2.0.0-M19\doxia-site-renderer-2.0.0-M19.jar;C:\Users\shado\.m2\repository\org\apache\maven\doxia\doxia-skin-model\2.0.0-M19\doxia-skin-model-2.0.0-M19.jar;C:\Users\shado\.m2\repository\org\apache\maven\doxia\doxia-module-xhtml5\2.0.0-M12\doxia-module-xhtml5-2.0.0-M12.jar;C:\Users\shado\.m2\repository\org\codehaus\plexus\plexus-velocity\2.1.0\plexus-velocity-2.1.0.jar;C:\Users\shado\.m2\repository\org\apache\velocity\velocity-engine-core\2.3\velocity-engine-core-2.3.jar;C:\Users\shado\.m2\repository\org\apache\velocity\tools\velocity-tools-generic\3.1\velocity-tools-generic-3.1.jar;C:\Users\shado\.m2\repository\commons-beanutils\commons-beanutils\1.9.4\commons-beanutils-1.9.4.jar;C:\Users\shado\.m2\repository\commons-collections\commons-collections\3.2.2\commons-collections-3.2.2.jar;C:\Users\shado\.m2\repository\org\apache\commons\commons-digester3\3.2\commons-digester3-3.2.jar;C:\Users\shado\.m2\repository\com\github\cliftonlabs\json-simple\3.0.2\json-simple-3.0.2.jar;C:\Users\shado\.m2\repository\org\apache\maven\doxia\doxia-module-apt\2.0.0-M12\doxia-module-apt-2.0.0-M12.jar;C:\Users\shado\.m2\repository\org\apache\maven\doxia\doxia-module-xdoc\2.0.0-M12\doxia-module-xdoc-2.0.0-M12.jar;C:\Users\shado\.m2\repository\org\apache\maven\maven-archiver\3.6.2\maven-archiver-3.6.2.jar;C:\Users\shado\.m2\repository\org\codehaus\plexus\plexus-archiver\4.9.2\plexus-archiver-4.9.2.jar;C:\Users\shado\.m2\repository\org\codehaus\plexus\plexus-io\3.4.2\plexus-io-3.4.2.jar;C:\Users\shado\.m2\repository\org\apache\commons\commons-compress\1.26.1\commons-compress-1.26.1.jar;C:\Users\shado\.m2\repository\org\iq80\snappy\snappy\0.4\snappy-0.4.jar;C:\Users\shado\.m2\repository\org\tukaani\xz\1.9\xz-1.9.jar;C:\Users\shado\.m2\repository\com\github\luben\zstd-jni\1.5.5-11\zstd-jni-1.5.5-11.jar;C:\Users\shado\.m2\repository\org\apache\maven\resolver\maven-resolver-api\1.4.1\maven-resolver-api-1.4.1.jar;C:\Users\shado\.m2\repository\org\eclipse\sisu\org.eclipse.sisu.plexus\0.9.0.M2\org.eclipse.sisu.plexus-0.9.0.M2.jar;C:\Users\shado\.m2\repository\javax\enterprise\cdi-api\1.2\cdi-api-1.2.jar;C:\Users\shado\.m2\repository\org\eclipse\sisu\org.eclipse.sisu.inject\0.9.0.M2\org.eclipse.sisu.inject-0.9.0.M2.jar;C:\Users\shado\.m2\repository\org\codehaus\plexus\plexus-component-annotations\2.1.0\plexus-component-annotations-2.1.0.jar;C:\Users\shado\.m2\repository\org\codehaus\plexus\plexus-classworlds\2.6.0\plexus-classworlds-2.6.0.jar;C:\Users\shado\.m2\repository\org\codehaus\plexus\plexus-xml\3.0.1\plexus-xml-3.0.1.jar;C:\Users\shado\.m2\repository\org\codehaus\plexus\plexus-i18n\1.0-beta-10\plexus-i18n-1.0-beta-10.jar;C:\Users\shado\.m2\repository\org\codehaus\plexus\plexus-component-api\1.0-alpha-20\plexus-component-api-1.0-alpha-20.jar;C:\Users\shado\.m2\repository\junit\junit\4.13.2\junit-4.13.2.jar;C:\Users\shado\.m2\repository\org\hamcrest\hamcrest-core\2.2\hamcrest-core-2.2.jar;C:\Users\shado\.m2\repository\org\codehaus\plexus\plexus-interpolation\1.27\plexus-interpolation-1.27.jar;C:\Users\shado\.m2\repository\org\hibernate\orm\hibernate-core\6.6.1.Final\hibernate-core-6.6.1.Final.jar;C:\Users\shado\.m2\repository\jakarta\transaction\jakarta.transaction-api\2.0.1\jakarta.transaction-api-2.0.1.jar;C:\Users\shado\.m2\repository\org\jboss\logging\jboss-logging\3.5.3.Final\jboss-logging-3.5.3.Final.jar;C:\Users\shado\.m2\repository\org\hibernate\common\hibernate-commons-annotations\7.0.1.Final\hibernate-commons-annotations-7.0.1.Final.jar;C:\Users\shado\.m2\repository\io\smallrye\jandex\3.2.0\jandex-3.2.0.jar;C:\Users\shado\.m2\repository\com\fasterxml\classmate\1.7.0\classmate-1.7.0.jar;C:\Users\shado\.m2\repository\net\bytebuddy\byte-buddy\1.14.19\byte-buddy-1.14.19.jar;C:\Users\shado\.m2\repository\jakarta\xml\bind\jakarta.xml.bind-api\4.0.2\jakarta.xml.bind-api-4.0.2.jar;C:\Users\shado\.m2\repository\jakarta\activation\jakarta.activation-api\2.1.3\jakarta.activation-api-2.1.3.jar;C:\Users\shado\.m2\repository\org\glassfish\jaxb\jaxb-runtime\4.0.5\jaxb-runtime-4.0.5.jar;C:\Users\shado\.m2\repository\org\glassfish\jaxb\jaxb-core\4.0.5\jaxb-core-4.0.5.jar;C:\Users\shado\.m2\repository\org\eclipse\angus\angus-activation\2.0.2\angus-activation-2.0.2.jar;C:\Users\shado\.m2\repository\org\glassfish\jaxb\txw2\4.0.5\txw2-4.0.5.jar;C:\Users\shado\.m2\repository\com\sun\istack\istack-commons-runtime\4.1.2\istack-commons-runtime-4.1.2.jar;C:\Users\shado\.m2\repository\jakarta\inject\jakarta.inject-api\2.0.1\jakarta.inject-api-2.0.1.jar;C:\Users\shado\.m2\repository\org\antlr\antlr4-runtime\4.13.0\antlr4-runtime-4.13.0.jar;C:\Users\shado\.m2\repository\org\springframework\boot\spring-boot-starter-logging\3.3.5\spring-boot-starter-logging-3.3.5.jar;C:\Users\shado\.m2\repository\ch\qos\logback\logback-classic\1.5.11\logback-classic-1.5.11.jar;C:\Users\shado\.m2\repository\ch\qos\logback\logback-core\1.5.11\logback-core-1.5.11.jar;C:\Users\shado\.m2\repository\org\apache\logging\log4j\log4j-to-slf4j\2.23.1\log4j-to-slf4j-2.23.1.jar;C:\Users\shado\.m2\repository\org\apache\logging\log4j\log4j-api\2.23.1\log4j-api-2.23.1.jar;C:\Users\shado\.m2\repository\org\slf4j\jul-to-slf4j\2.0.16\jul-to-slf4j-2.0.16.jar;C:\Users\shado\.m2\repository\org\springframework\cloud\spring-cloud-starter-gateway\4.1.6\spring-cloud-starter-gateway-4.1.6.jar;C:\Users\shado\.m2\repository\org\springframework\cloud\spring-cloud-starter\4.1.5\spring-cloud-starter-4.1.5.jar;C:\Users\shado\.m2\repository\org\springframework\cloud\spring-cloud-context\4.1.5\spring-cloud-context-4.1.5.jar;C:\Users\shado\.m2\repository\org\springframework\security\spring-security-crypto\6.3.4\spring-security-crypto-6.3.4.jar;C:\Users\shado\.m2\repository\org\springframework\cloud\spring-cloud-commons\4.1.5\spring-cloud-commons-4.1.5.jar;C:\Users\shado\.m2\repository\org\springframework\security\spring-security-rsa\1.1.3\spring-security-rsa-1.1.3.jar;C:\Users\shado\.m2\repository\org\bouncycastle\bcprov-jdk18on\1.78\bcprov-jdk18on-1.78.jar;C:\Users\shado\.m2\repository\org\springframework\cloud\spring-cloud-gateway-server\4.1.6\spring-cloud-gateway-server-4.1.6.jar;C:\Users\shado\.m2\repository\org\springframework\boot\spring-boot-starter-validation\3.3.5\spring-boot-starter-validation-3.3.5.jar;C:\Users\shado\.m2\repository\org\hibernate\validator\hibernate-validator\8.0.1.Final\hibernate-validator-8.0.1.Final.jar;C:\Users\shado\.m2\repository\io\projectreactor\addons\reactor-extra\3.5.2\reactor-extra-3.5.2.jar;C:\Users\shado\.m2\repository\io\projectreactor\reactor-core\3.6.11\reactor-core-3.6.11.jar;C:\Users\shado\.m2\repository\org\reactivestreams\reactive-streams\1.0.4\reactive-streams-1.0.4.jar;C:\Users\shado\.m2\repository\org\springframework\boot\spring-boot-starter-webflux\3.3.5\spring-boot-starter-webflux-3.3.5.jar;C:\Users\shado\.m2\repository\org\springframework\boot\spring-boot-starter-reactor-netty\3.3.5\spring-boot-starter-reactor-netty-3.3.5.jar;C:\Users\shado\.m2\repository\io\projectreactor\netty\reactor-netty-http\1.1.23\reactor-netty-http-1.1.23.jar;C:\Users\shado\.m2\repository\io\netty\netty-codec-http\4.1.114.Final\netty-codec-http-4.1.114.Final.jar;C:\Users\shado\.m2\repository\io\netty\netty-common\4.1.114.Final\netty-common-4.1.114.Final.jar;C:\Users\shado\.m2\repository\io\netty\netty-buffer\4.1.114.Final\netty-buffer-4.1.114.Final.jar;C:\Users\shado\.m2\repository\io\netty\netty-transport\4.1.114.Final\netty-transport-4.1.114.Final.jar;C:\Users\shado\.m2\repository\io\netty\netty-codec\4.1.114.Final\netty-codec-4.1.114.Final.jar;C:\Users\shado\.m2\repository\io\netty\netty-handler\4.1.114.Final\netty-handler-4.1.114.Final.jar;C:\Users\shado\.m2\repository\io\netty\netty-codec-http2\4.1.114.Final\netty-codec-http2-4.1.114.Final.jar;C:\Users\shado\.m2\repository\io\netty\netty-resolver-dns\4.1.114.Final\netty-resolver-dns-4.1.114.Final.jar;C:\Users\shado\.m2\repository\io\netty\netty-resolver\4.1.114.Final\netty-resolver-4.1.114.Final.jar;C:\Users\shado\.m2\repository\io\netty\netty-codec-dns\4.1.114.Final\netty-codec-dns-4.1.114.Final.jar;C:\Users\shado\.m2\repository\io\netty\netty-resolver-dns-native-macos\4.1.114.Final\netty-resolver-dns-native-macos-4.1.114.Final-osx-x86_64.jar;C:\Users\shado\.m2\repository\io\netty\netty-resolver-dns-classes-macos\4.1.114.Final\netty-resolver-dns-classes-macos-4.1.114.Final.jar;C:\Users\shado\.m2\repository\io\netty\netty-transport-native-epoll\4.1.114.Final\netty-transport-native-epoll-4.1.114.Final-linux-x86_64.jar;C:\Users\shado\.m2\repository\io\netty\netty-transport-native-unix-common\4.1.114.Final\netty-transport-native-unix-common-4.1.114.Final.jar;C:\Users\shado\.m2\repository\io\netty\netty-transport-classes-epoll\4.1.114.Final\netty-transport-classes-epoll-4.1.114.Final.jar;C:\Users\shado\.m2\repository\io\projectreactor\netty\reactor-netty-core\1.1.23\reactor-netty-core-1.1.23.jar;C:\Users\shado\.m2\repository\io\netty\netty-handler-proxy\4.1.114.Final\netty-handler-proxy-4.1.114.Final.jar;C:\Users\shado\.m2\repository\io\netty\netty-codec-socks\4.1.114.Final\netty-codec-socks-4.1.114.Final.jar;C:\Users\shado\.m2\repository\org\springframework\spring-webflux\6.1.14\spring-webflux-6.1.14.jar;C:\Users\shado\.m2\repository\org\springframework\cloud\spring-cloud-starter-netflix-eureka-client\4.1.4\spring-cloud-starter-netflix-eureka-client-4.1.4.jar;C:\Users\shado\.m2\repository\org\springframework\cloud\spring-cloud-netflix-eureka-client\4.1.4\spring-cloud-netflix-eureka-client-4.1.4.jar;C:\Users\shado\.m2\repository\org\apache\httpcomponents\client5\httpclient5\5.3.1\httpclient5-5.3.1.jar;C:\Users\shado\.m2\repository\org\apache\httpcomponents\core5\httpcore5\5.2.5\httpcore5-5.2.5.jar;C:\Users\shado\.m2\repository\org\apache\httpcomponents\core5\httpcore5-h2\5.2.5\httpcore5-h2-5.2.5.jar;C:\Users\shado\.m2\repository\com\netflix\eureka\eureka-client\2.0.4\eureka-client-2.0.4.jar;C:\Users\shado\.m2\repository\com\thoughtworks\xstream\xstream\1.4.20\xstream-1.4.20.jar;C:\Users\shado\.m2\repository\io\github\x-stream\mxparser\1.2.2\mxparser-1.2.2.jar;C:\Users\shado\.m2\repository\xmlpull\xmlpull\1.1.3.1\xmlpull-1.1.3.1.jar;C:\Users\shado\.m2\repository\com\netflix\archaius\archaius-core\0.7.6\archaius-core-0.7.6.jar;C:\Users\shado\.m2\repository\jakarta\ws\rs\jakarta.ws.rs-api\3.1.0\jakarta.ws.rs-api-3.1.0.jar;C:\Users\shado\.m2\repository\com\netflix\spectator\spectator-api\1.7.3\spectator-api-1.7.3.jar;C:\Users\shado\.m2\repository\org\apache\httpcomponents\httpclient\4.5.3\httpclient-4.5.3.jar;C:\Users\shado\.m2\repository\org\apache\httpcomponents\httpcore\4.4.16\httpcore-4.4.16.jar;C:\Users\shado\.m2\repository\commons-logging\commons-logging\1.2\commons-logging-1.2.jar;C:\Users\shado\.m2\repository\commons-codec\commons-codec\1.16.1\commons-codec-1.16.1.jar;C:\Users\shado\.m2\repository\com\google\code\findbugs\jsr305\3.0.2\jsr305-3.0.2.jar;C:\Users\shado\.m2\repository\commons-configuration\commons-configuration\1.10\commons-configuration-1.10.jar;C:\Users\shado\.m2\repository\commons-lang\commons-lang\2.6\commons-lang-2.6.jar;C:\Users\shado\.m2\repository\com\github\vlsi\compactmap\compactmap\2.0\compactmap-2.0.jar;C:\Users\shado\.m2\repository\com\github\andrewoma\dexx\dexx-collections\0.2\dexx-collections-0.2.jar;C:\Users\shado\.m2\repository\com\netflix\netflix-commons\netflix-eventbus\0.3.0\netflix-eventbus-0.3.0.jar;C:\Users\shado\.m2\repository\com\netflix\netflix-commons\netflix-infix\0.3.0\netflix-infix-0.3.0.jar;C:\Users\shado\.m2\repository\commons-jxpath\commons-jxpath\1.3\commons-jxpath-1.3.jar;C:\Users\shado\.m2\repository\joda-time\joda-time\2.3\joda-time-2.3.jar;C:\Users\shado\.m2\repository\javax\servlet\servlet-api\2.5\servlet-api-2.5.jar;C:\Users\shado\.m2\repository\org\antlr\antlr-runtime\3.4\antlr-runtime-3.4.jar;C:\Users\shado\.m2\repository\org\antlr\stringtemplate\3.2.1\stringtemplate-3.2.1.jar;C:\Users\shado\.m2\repository\antlr\antlr\2.7.7\antlr-2.7.7.jar;C:\Users\shado\.m2\repository\com\google\code\gson\gson\2.10.1\gson-2.10.1.jar;C:\Users\shado\.m2\repository\com\netflix\servo\servo-core\0.5.3\servo-core-0.5.3.jar;C:\Users\shado\.m2\repository\com\google\code\findbugs\annotations\2.0.0\annotations-2.0.0.jar;C:\Users\shado\.m2\repository\org\apache\commons\commons-math\2.2\commons-math-2.2.jar;C:\Users\shado\.m2\repository\javax\annotation\javax.annotation-api\1.2\javax.annotation-api-1.2.jar;C:\Users\shado\.m2\repository\org\codehaus\jettison\jettison\1.5.4\jettison-1.5.4.jar;C:\Users\shado\.m2\repository\com\netflix\eureka\eureka-core\2.0.4\eureka-core-2.0.4.jar;C:\Users\shado\.m2\repository\com\fasterxml\woodstox\woodstox-core\6.4.0\woodstox-core-6.4.0.jar;C:\Users\shado\.m2\repository\org\codehaus\woodstox\stax2-api\4.2.1\stax2-api-4.2.1.jar;C:\Users\shado\.m2\repository\com\google\guava\guava\33.0.0-jre\guava-33.0.0-jre.jar;C:\Users\shado\.m2\repository\com\google\guava\failureaccess\1.0.2\failureaccess-1.0.2.jar;C:\Users\shado\.m2\repository\com\google\guava\listenablefuture\9999.0-empty-to-avoid-conflict-with-guava\listenablefuture-9999.0-empty-to-avoid-conflict-with-guava.jar;C:\Users\shado\.m2\repository\org\checkerframework\checker-qual\3.41.0\checker-qual-3.41.0.jar;C:\Users\shado\.m2\repository\com\google\errorprone\error_prone_annotations\2.23.0\error_prone_annotations-2.23.0.jar;C:\Users\shado\.m2\repository\com\google\j2objc\j2objc-annotations\2.8\j2objc-annotations-2.8.jar;C:\Users\shado\.m2\repository\org\springframework\cloud\spring-cloud-starter-loadbalancer\4.1.5\spring-cloud-starter-loadbalancer-4.1.5.jar;C:\Users\shado\.m2\repository\org\springframework\cloud\spring-cloud-loadbalancer\4.1.5\spring-cloud-loadbalancer-4.1.5.jar;C:\Users\shado\.m2\repository\org\springframework\boot\spring-boot-starter-cache\3.3.5\spring-boot-starter-cache-3.3.5.jar;C:\Users\shado\.m2\repository\org\springframework\spring-context-support\6.1.14\spring-context-support-6.1.14.jar;C:\Users\shado\.m2\repository\com\stoyanr\evictor\1.0.0\evictor-1.0.0.jar;C:\Users\shado\.m2\repository\com\mysql\mysql-connector-j\8.0.33\mysql-connector-j-8.0.33.jar;C:\Users\shado\.m2\repository\org\mockito\mockito-core\5.14.2\mockito-core-5.14.2.jar;C:\Users\shado\.m2\repository\net\bytebuddy\byte-buddy-agent\1.14.19\byte-buddy-agent-1.14.19.jar;C:\Users\shado\.m2\repository\org\objenesis\objenesis\3.3\objenesis-3.3.jar;C:\Users\shado\.m2\repository\org\jacoco\jacoco-maven-plugin\0.8.12\jacoco-maven-plugin-0.8.12.jar;C:\Users\shado\.m2\repository\org\codehaus\plexus\plexus-utils\3.0.24\plexus-utils-3.0.24.jar;C:\Users\shado\.m2\repository\org\apache\maven\shared\file-management\3.1.0\file-management-3.1.0.jar;C:\Users\shado\.m2\repository\org\apache\maven\reporting\maven-reporting-api\3.0\maven-reporting-api-3.0.jar;C:\Users\shado\.m2\repository\org\jacoco\org.jacoco.agent\0.8.12\org.jacoco.agent-0.8.12-runtime.jar;C:\Users\shado\.m2\repository\org\jacoco\org.jacoco.core\0.8.12\org.jacoco.core-0.8.12.jar;C:\Users\shado\.m2\repository\org\ow2\asm\asm\9.7\asm-9.7.jar;C:\Users\shado\.m2\repository\org\ow2\asm\asm-commons\9.7\asm-commons-9.7.jar;C:\Users\shado\.m2\repository\org\ow2\asm\asm-tree\9.7\asm-tree-9.7.jar;C:\Users\shado\.m2\repository\org\jacoco\org.jacoco.report\0.8.12\org.jacoco.report-0.8.12.jar;C:\Users\shado\.m2\repository\org\springframework\spring-test\6.1.14\spring-test-6.1.14.jar;C:\Users\shado\.m2\repository\org\springframework\boot\spring-boot-starter-test\3.3.5\spring-boot-starter-test-3.3.5.jar;C:\Users\shado\.m2\repository\org\springframework\boot\spring-boot-test\3.3.5\spring-boot-test-3.3.5.jar;C:\Users\shado\.m2\repository\org\springframework\boot\spring-boot-test-autoconfigure\3.3.5\spring-boot-test-autoconfigure-3.3.5.jar;C:\Users\shado\.m2\repository\com\jayway\jsonpath\json-path\2.9.0\json-path-2.9.0.jar;C:\Users\shado\.m2\repository\net\minidev\json-smart\2.5.1\json-smart-2.5.1.jar;C:\Users\shado\.m2\repository\net\minidev\accessors-smart\2.5.1\accessors-smart-2.5.1.jar;C:\Users\shado\.m2\repository\org\assertj\assertj-core\3.25.3\assertj-core-3.25.3.jar;C:\Users\shado\.m2\repository\org\awaitility\awaitility\4.2.2\awaitility-4.2.2.jar;C:\Users\shado\.m2\repository\org\hamcrest\hamcrest\2.2\hamcrest-2.2.jar;C:\Users\shado\.m2\repository\org\mockito\mockito-junit-jupiter\5.11.0\mockito-junit-jupiter-5.11.0.jar;C:\Users\shado\.m2\repository\org\skyscreamer\jsonassert\1.5.3\jsonassert-1.5.3.jar;C:\Users\shado\.m2\repository\com\vaadin\external\google\android-json\0.0.20131108.vaadin1\android-json-0.0.20131108.vaadin1.jar;C:\Users\shado\.m2\repository\org\xmlunit\xmlunit-core\2.9.1\xmlunit-core-2.9.1.jar;"/>
    <property name="java.vm.vendor" value="Oracle Corporation"/>
    <property name="sun.arch.data.model" value="64"/>
    <property name="user.variant" value=""/>
    <property name="java.vendor.url" value="https://java.oracle.com/"/>
    <property name="user.timezone" value="Europe/Berlin"/>
    <property name="os.name" value="Windows 10"/>
    <property name="java.vm.specification.version" value="21"/>
    <property name="sun.java.launcher" value="SUN_STANDARD"/>
    <property name="user.country" value="DE"/>
    <property name="sun.boot.library.path" value="C:\Users\shado\.jdks\jdk-21.0.2\bin"/>
    <property name="sun.java.command" value="C:\Users\shado\AppData\Local\Temp\surefire10109132946940477605\surefirebooter-20241128211855376_3.jar C:\Users\shado\AppData\Local\Temp\surefire10109132946940477605 2024-11-28T21-18-55_267-jvmRun1 surefire-20241128211855376_1tmp surefire_0-20241128211855376_2tmp"/>
    <property name="jdk.debug" value="release"/>
    <property name="surefire.test.class.path" value="H:\Java\eVoting-DE\target\test-classes;H:\Java\eVoting-DE\target\classes;C:\Users\shado\.m2\repository\jakarta\persistence\jakarta.persistence-api\3.1.0\jakarta.persistence-api-3.1.0.jar;C:\Users\shado\.m2\repository\jakarta\validation\jakarta.validation-api\3.1.0\jakarta.validation-api-3.1.0.jar;C:\Users\shado\.m2\repository\org\mindrot\jbcrypt\0.4\jbcrypt-0.4.jar;C:\Users\shado\.m2\repository\org\springframework\boot\spring-boot\3.3.5\spring-boot-3.3.5.jar;C:\Users\shado\.m2\repository\org\springframework\spring-core\6.1.14\spring-core-6.1.14.jar;C:\Users\shado\.m2\repository\org\springframework\spring-jcl\6.1.14\spring-jcl-6.1.14.jar;C:\Users\shado\.m2\repository\org\springframework\spring-context\6.1.14\spring-context-6.1.14.jar;C:\Users\shado\.m2\repository\org\springframework\spring-aop\6.1.14\spring-aop-6.1.14.jar;C:\Users\shado\.m2\repository\org\springframework\spring-beans\6.1.14\spring-beans-6.1.14.jar;C:\Users\shado\.m2\repository\org\springframework\spring-expression\6.1.14\spring-expression-6.1.14.jar;C:\Users\shado\.m2\repository\io\micrometer\micrometer-observation\1.13.6\micrometer-observation-1.13.6.jar;C:\Users\shado\.m2\repository\io\micrometer\micrometer-commons\1.13.6\micrometer-commons-1.13.6.jar;C:\Users\shado\.m2\repository\org\springframework\boot\spring-boot-starter\3.3.5\spring-boot-starter-3.3.5.jar;C:\Users\shado\.m2\repository\org\springframework\boot\spring-boot-autoconfigure\3.3.5\spring-boot-autoconfigure-3.3.5.jar;C:\Users\shado\.m2\repository\jakarta\annotation\jakarta.annotation-api\2.1.1\jakarta.annotation-api-2.1.1.jar;C:\Users\shado\.m2\repository\org\yaml\snakeyaml\2.2\snakeyaml-2.2.jar;C:\Users\shado\.m2\repository\org\springframework\boot\spring-boot-starter-web\3.3.5\spring-boot-starter-web-3.3.5.jar;C:\Users\shado\.m2\repository\org\springframework\boot\spring-boot-starter-json\3.3.5\spring-boot-starter-json-3.3.5.jar;C:\Users\shado\.m2\repository\com\fasterxml\jackson\datatype\jackson-datatype-jdk8\2.17.2\jackson-datatype-jdk8-2.17.2.jar;C:\Users\shado\.m2\repository\com\fasterxml\jackson\datatype\jackson-datatype-jsr310\2.17.2\jackson-datatype-jsr310-2.17.2.jar;C:\Users\shado\.m2\repository\com\fasterxml\jackson\module\jackson-module-parameter-names\2.17.2\jackson-module-parameter-names-2.17.2.jar;C:\Users\shado\.m2\repository\org\springframework\boot\spring-boot-starter-tomcat\3.3.5\spring-boot-starter-tomcat-3.3.5.jar;C:\Users\shado\.m2\repository\org\apache\tomcat\embed\tomcat-embed-core\10.1.31\tomcat-embed-core-10.1.31.jar;C:\Users\shado\.m2\repository\org\apache\tomcat\embed\tomcat-embed-el\10.1.31\tomcat-embed-el-10.1.31.jar;C:\Users\shado\.m2\repository\org\apache\tomcat\embed\tomcat-embed-websocket\10.1.31\tomcat-embed-websocket-10.1.31.jar;C:\Users\shado\.m2\repository\org\springframework\spring-web\6.1.14\spring-web-6.1.14.jar;C:\Users\shado\.m2\repository\org\springframework\spring-webmvc\6.1.14\spring-webmvc-6.1.14.jar;C:\Users\shado\.m2\repository\org\junit\jupiter\junit-jupiter\5.8.2\junit-jupiter-5.8.2.jar;C:\Users\shado\.m2\repository\org\junit\jupiter\junit-jupiter-api\5.10.5\junit-jupiter-api-5.10.5.jar;C:\Users\shado\.m2\repository\org\opentest4j\opentest4j\1.3.0\opentest4j-1.3.0.jar;C:\Users\shado\.m2\repository\org\junit\platform\junit-platform-commons\1.10.5\junit-platform-commons-1.10.5.jar;C:\Users\shado\.m2\repository\org\junit\jupiter\junit-jupiter-params\5.10.5\junit-jupiter-params-5.10.5.jar;C:\Users\shado\.m2\repository\org\junit\jupiter\junit-jupiter-engine\5.8.2\junit-jupiter-engine-5.8.2.jar;C:\Users\shado\.m2\repository\org\junit\platform\junit-platform-engine\1.10.5\junit-platform-engine-1.10.5.jar;C:\Users\shado\.m2\repository\org\apiguardian\apiguardian-api\1.1.2\apiguardian-api-1.1.2.jar;C:\Users\shado\.m2\repository\com\fasterxml\jackson\core\jackson-databind\2.18.1\jackson-databind-2.18.1.jar;C:\Users\shado\.m2\repository\com\fasterxml\jackson\core\jackson-annotations\2.17.2\jackson-annotations-2.17.2.jar;C:\Users\shado\.m2\repository\com\fasterxml\jackson\core\jackson-core\2.17.2\jackson-core-2.17.2.jar;C:\Users\shado\.m2\repository\org\springframework\boot\spring-boot-starter-data-jpa\3.3.5\spring-boot-starter-data-jpa-3.3.5.jar;C:\Users\shado\.m2\repository\org\springframework\boot\spring-boot-starter-aop\3.3.5\spring-boot-starter-aop-3.3.5.jar;C:\Users\shado\.m2\repository\org\aspectj\aspectjweaver\1.9.22.1\aspectjweaver-1.9.22.1.jar;C:\Users\shado\.m2\repository\org\springframework\boot\spring-boot-starter-jdbc\3.3.5\spring-boot-starter-jdbc-3.3.5.jar;C:\Users\shado\.m2\repository\com\zaxxer\HikariCP\5.1.0\HikariCP-5.1.0.jar;C:\Users\shado\.m2\repository\org\springframework\spring-jdbc\6.1.14\spring-jdbc-6.1.14.jar;C:\Users\shado\.m2\repository\org\springframework\data\spring-data-jpa\3.3.5\spring-data-jpa-3.3.5.jar;C:\Users\shado\.m2\repository\org\springframework\data\spring-data-commons\3.3.5\spring-data-commons-3.3.5.jar;C:\Users\shado\.m2\repository\org\springframework\spring-orm\6.1.14\spring-orm-6.1.14.jar;C:\Users\shado\.m2\repository\org\springframework\spring-tx\6.1.14\spring-tx-6.1.14.jar;C:\Users\shado\.m2\repository\org\slf4j\slf4j-api\2.0.16\slf4j-api-2.0.16.jar;C:\Users\shado\.m2\repository\org\springframework\spring-aspects\6.1.14\spring-aspects-6.1.14.jar;C:\Users\shado\.m2\repository\org\json\json\20240303\json-20240303.jar;C:\Users\shado\.m2\repository\org\apache\maven\plugins\maven-surefire-report-plugin\3.5.1\maven-surefire-report-plugin-3.5.1.jar;C:\Users\shado\.m2\repository\org\apache\maven\surefire\surefire-logger-api\3.5.1\surefire-logger-api-3.5.1.jar;C:\Users\shado\.m2\repository\org\apache\maven\surefire\surefire-report-parser\3.5.1\surefire-report-parser-3.5.1.jar;C:\Users\shado\.m2\repository\org\apache\maven\shared\maven-shared-utils\3.3.4\maven-shared-utils-3.3.4.jar;C:\Users\shado\.m2\repository\commons-io\commons-io\2.6\commons-io-2.6.jar;C:\Users\shado\.m2\repository\org\apache\maven\doxia\doxia-sink-api\2.0.0-M12\doxia-sink-api-2.0.0-M12.jar;C:\Users\shado\.m2\repository\org\apache\maven\doxia\doxia-core\2.0.0-M12\doxia-core-2.0.0-M12.jar;C:\Users\shado\.m2\repository\javax\inject\javax.inject\1\javax.inject-1.jar;C:\Users\shado\.m2\repository\org\apache\commons\commons-text\1.12.0\commons-text-1.12.0.jar;C:\Users\shado\.m2\repository\org\apache\commons\commons-lang3\3.14.0\commons-lang3-3.14.0.jar;C:\Users\shado\.m2\repository\org\apache\maven\reporting\maven-reporting-impl\4.0.0-M15\maven-reporting-impl-4.0.0-M15.jar;C:\Users\shado\.m2\repository\org\apache\maven\doxia\doxia-site-model\2.0.0-M19\doxia-site-model-2.0.0-M19.jar;C:\Users\shado\.m2\repository\org\apache\maven\doxia\doxia-integration-tools\2.0.0-M19\doxia-integration-tools-2.0.0-M19.jar;C:\Users\shado\.m2\repository\org\apache\maven\doxia\doxia-site-renderer\2.0.0-M19\doxia-site-renderer-2.0.0-M19.jar;C:\Users\shado\.m2\repository\org\apache\maven\doxia\doxia-skin-model\2.0.0-M19\doxia-skin-model-2.0.0-M19.jar;C:\Users\shado\.m2\repository\org\apache\maven\doxia\doxia-module-xhtml5\2.0.0-M12\doxia-module-xhtml5-2.0.0-M12.jar;C:\Users\shado\.m2\repository\org\codehaus\plexus\plexus-velocity\2.1.0\plexus-velocity-2.1.0.jar;C:\Users\shado\.m2\repository\org\apache\velocity\velocity-engine-core\2.3\velocity-engine-core-2.3.jar;C:\Users\shado\.m2\repository\org\apache\velocity\tools\velocity-tools-generic\3.1\velocity-tools-generic-3.1.jar;C:\Users\shado\.m2\repository\commons-beanutils\commons-beanutils\1.9.4\commons-beanutils-1.9.4.jar;C:\Users\shado\.m2\repository\commons-collections\commons-collections\3.2.2\commons-collections-3.2.2.jar;C:\Users\shado\.m2\repository\org\apache\commons\commons-digester3\3.2\commons-digester3-3.2.jar;C:\Users\shado\.m2\repository\com\github\cliftonlabs\json-simple\3.0.2\json-simple-3.0.2.jar;C:\Users\shado\.m2\repository\org\apache\maven\doxia\doxia-module-apt\2.0.0-M12\doxia-module-apt-2.0.0-M12.jar;C:\Users\shado\.m2\repository\org\apache\maven\doxia\doxia-module-xdoc\2.0.0-M12\doxia-module-xdoc-2.0.0-M12.jar;C:\Users\shado\.m2\repository\org\apache\maven\maven-archiver\3.6.2\maven-archiver-3.6.2.jar;C:\Users\shado\.m2\repository\org\codehaus\plexus\plexus-archiver\4.9.2\plexus-archiver-4.9.2.jar;C:\Users\shado\.m2\repository\org\codehaus\plexus\plexus-io\3.4.2\plexus-io-3.4.2.jar;C:\Users\shado\.m2\repository\org\apache\commons\commons-compress\1.26.1\commons-compress-1.26.1.jar;C:\Users\shado\.m2\repository\org\iq80\snappy\snappy\0.4\snappy-0.4.jar;C:\Users\shado\.m2\repository\org\tukaani\xz\1.9\xz-1.9.jar;C:\Users\shado\.m2\repository\com\github\luben\zstd-jni\1.5.5-11\zstd-jni-1.5.5-11.jar;C:\Users\shado\.m2\repository\org\apache\maven\resolver\maven-resolver-api\1.4.1\maven-resolver-api-1.4.1.jar;C:\Users\shado\.m2\repository\org\eclipse\sisu\org.eclipse.sisu.plexus\0.9.0.M2\org.eclipse.sisu.plexus-0.9.0.M2.jar;C:\Users\shado\.m2\repository\javax\enterprise\cdi-api\1.2\cdi-api-1.2.jar;C:\Users\shado\.m2\repository\org\eclipse\sisu\org.eclipse.sisu.inject\0.9.0.M2\org.eclipse.sisu.inject-0.9.0.M2.jar;C:\Users\shado\.m2\repository\org\codehaus\plexus\plexus-component-annotations\2.1.0\plexus-component-annotations-2.1.0.jar;C:\Users\shado\.m2\repository\org\codehaus\plexus\plexus-classworlds\2.6.0\plexus-classworlds-2.6.0.jar;C:\Users\shado\.m2\repository\org\codehaus\plexus\plexus-xml\3.0.1\plexus-xml-3.0.1.jar;C:\Users\shado\.m2\repository\org\codehaus\plexus\plexus-i18n\1.0-beta-10\plexus-i18n-1.0-beta-10.jar;C:\Users\shado\.m2\repository\org\codehaus\plexus\plexus-component-api\1.0-alpha-20\plexus-component-api-1.0-alpha-20.jar;C:\Users\shado\.m2\repository\junit\junit\4.13.2\junit-4.13.2.jar;C:\Users\shado\.m2\repository\org\hamcrest\hamcrest-core\2.2\hamcrest-core-2.2.jar;C:\Users\shado\.m2\repository\org\codehaus\plexus\plexus-interpolation\1.27\plexus-interpolation-1.27.jar;C:\Users\shado\.m2\repository\org\hibernate\orm\hibernate-core\6.6.1.Final\hibernate-core-6.6.1.Final.jar;C:\Users\shado\.m2\repository\jakarta\transaction\jakarta.transaction-api\2.0.1\jakarta.transaction-api-2.0.1.jar;C:\Users\shado\.m2\repository\org\jboss\logging\jboss-logging\3.5.3.Final\jboss-logging-3.5.3.Final.jar;C:\Users\shado\.m2\repository\org\hibernate\common\hibernate-commons-annotations\7.0.1.Final\hibernate-commons-annotations-7.0.1.Final.jar;C:\Users\shado\.m2\repository\io\smallrye\jandex\3.2.0\jandex-3.2.0.jar;C:\Users\shado\.m2\repository\com\fasterxml\classmate\1.7.0\classmate-1.7.0.jar;C:\Users\shado\.m2\repository\net\bytebuddy\byte-buddy\1.14.19\byte-buddy-1.14.19.jar;C:\Users\shado\.m2\repository\jakarta\xml\bind\jakarta.xml.bind-api\4.0.2\jakarta.xml.bind-api-4.0.2.jar;C:\Users\shado\.m2\repository\jakarta\activation\jakarta.activation-api\2.1.3\jakarta.activation-api-2.1.3.jar;C:\Users\shado\.m2\repository\org\glassfish\jaxb\jaxb-runtime\4.0.5\jaxb-runtime-4.0.5.jar;C:\Users\shado\.m2\repository\org\glassfish\jaxb\jaxb-core\4.0.5\jaxb-core-4.0.5.jar;C:\Users\shado\.m2\repository\org\eclipse\angus\angus-activation\2.0.2\angus-activation-2.0.2.jar;C:\Users\shado\.m2\repository\org\glassfish\jaxb\txw2\4.0.5\txw2-4.0.5.jar;C:\Users\shado\.m2\repository\com\sun\istack\istack-commons-runtime\4.1.2\istack-commons-runtime-4.1.2.jar;C:\Users\shado\.m2\repository\jakarta\inject\jakarta.inject-api\2.0.1\jakarta.inject-api-2.0.1.jar;C:\Users\shado\.m2\repository\org\antlr\antlr4-runtime\4.13.0\antlr4-runtime-4.13.0.jar;C:\Users\shado\.m2\repository\org\springframework\boot\spring-boot-starter-logging\3.3.5\spring-boot-starter-logging-3.3.5.jar;C:\Users\shado\.m2\repository\ch\qos\logback\logback-classic\1.5.11\logback-classic-1.5.11.jar;C:\Users\shado\.m2\repository\ch\qos\logback\logback-core\1.5.11\logback-core-1.5.11.jar;C:\Users\shado\.m2\repository\org\apache\logging\log4j\log4j-to-slf4j\2.23.1\log4j-to-slf4j-2.23.1.jar;C:\Users\shado\.m2\repository\org\apache\logging\log4j\log4j-api\2.23.1\log4j-api-2.23.1.jar;C:\Users\shado\.m2\repository\org\slf4j\jul-to-slf4j\2.0.16\jul-to-slf4j-2.0.16.jar;C:\Users\shado\.m2\repository\org\springframework\cloud\spring-cloud-starter-gateway\4.1.6\spring-cloud-starter-gateway-4.1.6.jar;C:\Users\shado\.m2\repository\org\springframework\cloud\spring-cloud-starter\4.1.5\spring-cloud-starter-4.1.5.jar;C:\Users\shado\.m2\repository\org\springframework\cloud\spring-cloud-context\4.1.5\spring-cloud-context-4.1.5.jar;C:\Users\shado\.m2\repository\org\springframework\security\spring-security-crypto\6.3.4\spring-security-crypto-6.3.4.jar;C:\Users\shado\.m2\repository\org\springframework\cloud\spring-cloud-commons\4.1.5\spring-cloud-commons-4.1.5.jar;C:\Users\shado\.m2\repository\org\springframework\security\spring-security-rsa\1.1.3\spring-security-rsa-1.1.3.jar;C:\Users\shado\.m2\repository\org\bouncycastle\bcprov-jdk18on\1.78\bcprov-jdk18on-1.78.jar;C:\Users\shado\.m2\repository\org\springframework\cloud\spring-cloud-gateway-server\4.1.6\spring-cloud-gateway-server-4.1.6.jar;C:\Users\shado\.m2\repository\org\springframework\boot\spring-boot-starter-validation\3.3.5\spring-boot-starter-validation-3.3.5.jar;C:\Users\shado\.m2\repository\org\hibernate\validator\hibernate-validator\8.0.1.Final\hibernate-validator-8.0.1.Final.jar;C:\Users\shado\.m2\repository\io\projectreactor\addons\reactor-extra\3.5.2\reactor-extra-3.5.2.jar;C:\Users\shado\.m2\repository\io\projectreactor\reactor-core\3.6.11\reactor-core-3.6.11.jar;C:\Users\shado\.m2\repository\org\reactivestreams\reactive-streams\1.0.4\reactive-streams-1.0.4.jar;C:\Users\shado\.m2\repository\org\springframework\boot\spring-boot-starter-webflux\3.3.5\spring-boot-starter-webflux-3.3.5.jar;C:\Users\shado\.m2\repository\org\springframework\boot\spring-boot-starter-reactor-netty\3.3.5\spring-boot-starter-reactor-netty-3.3.5.jar;C:\Users\shado\.m2\repository\io\projectreactor\netty\reactor-netty-http\1.1.23\reactor-netty-http-1.1.23.jar;C:\Users\shado\.m2\repository\io\netty\netty-codec-http\4.1.114.Final\netty-codec-http-4.1.114.Final.jar;C:\Users\shado\.m2\repository\io\netty\netty-common\4.1.114.Final\netty-common-4.1.114.Final.jar;C:\Users\shado\.m2\repository\io\netty\netty-buffer\4.1.114.Final\netty-buffer-4.1.114.Final.jar;C:\Users\shado\.m2\repository\io\netty\netty-transport\4.1.114.Final\netty-transport-4.1.114.Final.jar;C:\Users\shado\.m2\repository\io\netty\netty-codec\4.1.114.Final\netty-codec-4.1.114.Final.jar;C:\Users\shado\.m2\repository\io\netty\netty-handler\4.1.114.Final\netty-handler-4.1.114.Final.jar;C:\Users\shado\.m2\repository\io\netty\netty-codec-http2\4.1.114.Final\netty-codec-http2-4.1.114.Final.jar;C:\Users\shado\.m2\repository\io\netty\netty-resolver-dns\4.1.114.Final\netty-resolver-dns-4.1.114.Final.jar;C:\Users\shado\.m2\repository\io\netty\netty-resolver\4.1.114.Final\netty-resolver-4.1.114.Final.jar;C:\Users\shado\.m2\repository\io\netty\netty-codec-dns\4.1.114.Final\netty-codec-dns-4.1.114.Final.jar;C:\Users\shado\.m2\repository\io\netty\netty-resolver-dns-native-macos\4.1.114.Final\netty-resolver-dns-native-macos-4.1.114.Final-osx-x86_64.jar;C:\Users\shado\.m2\repository\io\netty\netty-resolver-dns-classes-macos\4.1.114.Final\netty-resolver-dns-classes-macos-4.1.114.Final.jar;C:\Users\shado\.m2\repository\io\netty\netty-transport-native-epoll\4.1.114.Final\netty-transport-native-epoll-4.1.114.Final-linux-x86_64.jar;C:\Users\shado\.m2\repository\io\netty\netty-transport-native-unix-common\4.1.114.Final\netty-transport-native-unix-common-4.1.114.Final.jar;C:\Users\shado\.m2\repository\io\netty\netty-transport-classes-epoll\4.1.114.Final\netty-transport-classes-epoll-4.1.114.Final.jar;C:\Users\shado\.m2\repository\io\projectreactor\netty\reactor-netty-core\1.1.23\reactor-netty-core-1.1.23.jar;C:\Users\shado\.m2\repository\io\netty\netty-handler-proxy\4.1.114.Final\netty-handler-proxy-4.1.114.Final.jar;C:\Users\shado\.m2\repository\io\netty\netty-codec-socks\4.1.114.Final\netty-codec-socks-4.1.114.Final.jar;C:\Users\shado\.m2\repository\org\springframework\spring-webflux\6.1.14\spring-webflux-6.1.14.jar;C:\Users\shado\.m2\repository\org\springframework\cloud\spring-cloud-starter-netflix-eureka-client\4.1.4\spring-cloud-starter-netflix-eureka-client-4.1.4.jar;C:\Users\shado\.m2\repository\org\springframework\cloud\spring-cloud-netflix-eureka-client\4.1.4\spring-cloud-netflix-eureka-client-4.1.4.jar;C:\Users\shado\.m2\repository\org\apache\httpcomponents\client5\httpclient5\5.3.1\httpclient5-5.3.1.jar;C:\Users\shado\.m2\repository\org\apache\httpcomponents\core5\httpcore5\5.2.5\httpcore5-5.2.5.jar;C:\Users\shado\.m2\repository\org\apache\httpcomponents\core5\httpcore5-h2\5.2.5\httpcore5-h2-5.2.5.jar;C:\Users\shado\.m2\repository\com\netflix\eureka\eureka-client\2.0.4\eureka-client-2.0.4.jar;C:\Users\shado\.m2\repository\com\thoughtworks\xstream\xstream\1.4.20\xstream-1.4.20.jar;C:\Users\shado\.m2\repository\io\github\x-stream\mxparser\1.2.2\mxparser-1.2.2.jar;C:\Users\shado\.m2\repository\xmlpull\xmlpull\1.1.3.1\xmlpull-1.1.3.1.jar;C:\Users\shado\.m2\repository\com\netflix\archaius\archaius-core\0.7.6\archaius-core-0.7.6.jar;C:\Users\shado\.m2\repository\jakarta\ws\rs\jakarta.ws.rs-api\3.1.0\jakarta.ws.rs-api-3.1.0.jar;C:\Users\shado\.m2\repository\com\netflix\spectator\spectator-api\1.7.3\spectator-api-1.7.3.jar;C:\Users\shado\.m2\repository\org\apache\httpcomponents\httpclient\4.5.3\httpclient-4.5.3.jar;C:\Users\shado\.m2\repository\org\apache\httpcomponents\httpcore\4.4.16\httpcore-4.4.16.jar;C:\Users\shado\.m2\repository\commons-logging\commons-logging\1.2\commons-logging-1.2.jar;C:\Users\shado\.m2\repository\commons-codec\commons-codec\1.16.1\commons-codec-1.16.1.jar;C:\Users\shado\.m2\repository\com\google\code\findbugs\jsr305\3.0.2\jsr305-3.0.2.jar;C:\Users\shado\.m2\repository\commons-configuration\commons-configuration\1.10\commons-configuration-1.10.jar;C:\Users\shado\.m2\repository\commons-lang\commons-lang\2.6\commons-lang-2.6.jar;C:\Users\shado\.m2\repository\com\github\vlsi\compactmap\compactmap\2.0\compactmap-2.0.jar;C:\Users\shado\.m2\repository\com\github\andrewoma\dexx\dexx-collections\0.2\dexx-collections-0.2.jar;C:\Users\shado\.m2\repository\com\netflix\netflix-commons\netflix-eventbus\0.3.0\netflix-eventbus-0.3.0.jar;C:\Users\shado\.m2\repository\com\netflix\netflix-commons\netflix-infix\0.3.0\netflix-infix-0.3.0.jar;C:\Users\shado\.m2\repository\commons-jxpath\commons-jxpath\1.3\commons-jxpath-1.3.jar;C:\Users\shado\.m2\repository\joda-time\joda-time\2.3\joda-time-2.3.jar;C:\Users\shado\.m2\repository\javax\servlet\servlet-api\2.5\servlet-api-2.5.jar;C:\Users\shado\.m2\repository\org\antlr\antlr-runtime\3.4\antlr-runtime-3.4.jar;C:\Users\shado\.m2\repository\org\antlr\stringtemplate\3.2.1\stringtemplate-3.2.1.jar;C:\Users\shado\.m2\repository\antlr\antlr\2.7.7\antlr-2.7.7.jar;C:\Users\shado\.m2\repository\com\google\code\gson\gson\2.10.1\gson-2.10.1.jar;C:\Users\shado\.m2\repository\com\netflix\servo\servo-core\0.5.3\servo-core-0.5.3.jar;C:\Users\shado\.m2\repository\com\google\code\findbugs\annotations\2.0.0\annotations-2.0.0.jar;C:\Users\shado\.m2\repository\org\apache\commons\commons-math\2.2\commons-math-2.2.jar;C:\Users\shado\.m2\repository\javax\annotation\javax.annotation-api\1.2\javax.annotation-api-1.2.jar;C:\Users\shado\.m2\repository\org\codehaus\jettison\jettison\1.5.4\jettison-1.5.4.jar;C:\Users\shado\.m2\repository\com\netflix\eureka\eureka-core\2.0.4\eureka-core-2.0.4.jar;C:\Users\shado\.m2\repository\com\fasterxml\woodstox\woodstox-core\6.4.0\woodstox-core-6.4.0.jar;C:\Users\shado\.m2\repository\org\codehaus\woodstox\stax2-api\4.2.1\stax2-api-4.2.1.jar;C:\Users\shado\.m2\repository\com\google\guava\guava\33.0.0-jre\guava-33.0.0-jre.jar;C:\Users\shado\.m2\repository\com\google\guava\failureaccess\1.0.2\failureaccess-1.0.2.jar;C:\Users\shado\.m2\repository\com\google\guava\listenablefuture\9999.0-empty-to-avoid-conflict-with-guava\listenablefuture-9999.0-empty-to-avoid-conflict-with-guava.jar;C:\Users\shado\.m2\repository\org\checkerframework\checker-qual\3.41.0\checker-qual-3.41.0.jar;C:\Users\shado\.m2\repository\com\google\errorprone\error_prone_annotations\2.23.0\error_prone_annotations-2.23.0.jar;C:\Users\shado\.m2\repository\com\google\j2objc\j2objc-annotations\2.8\j2objc-annotations-2.8.jar;C:\Users\shado\.m2\repository\org\springframework\cloud\spring-cloud-starter-loadbalancer\4.1.5\spring-cloud-starter-loadbalancer-4.1.5.jar;C:\Users\shado\.m2\repository\org\springframework\cloud\spring-cloud-loadbalancer\4.1.5\spring-cloud-loadbalancer-4.1.5.jar;C:\Users\shado\.m2\repository\org\springframework\boot\spring-boot-starter-cache\3.3.5\spring-boot-starter-cache-3.3.5.jar;C:\Users\shado\.m2\repository\org\springframework\spring-context-support\6.1.14\spring-context-support-6.1.14.jar;C:\Users\shado\.m2\repository\com\stoyanr\evictor\1.0.0\evictor-1.0.0.jar;C:\Users\shado\.m2\repository\com\mysql\mysql-connector-j\8.0.33\mysql-connector-j-8.0.33.jar;C:\Users\shado\.m2\repository\org\mockito\mockito-core\5.14.2\mockito-core-5.14.2.jar;C:\Users\shado\.m2\repository\net\bytebuddy\byte-buddy-agent\1.14.19\byte-buddy-agent-1.14.19.jar;C:\Users\shado\.m2\repository\org\objenesis\objenesis\3.3\objenesis-3.3.jar;C:\Users\shado\.m2\repository\org\jacoco\jacoco-maven-plugin\0.8.12\jacoco-maven-plugin-0.8.12.jar;C:\Users\shado\.m2\repository\org\codehaus\plexus\plexus-utils\3.0.24\plexus-utils-3.0.24.jar;C:\Users\shado\.m2\repository\org\apache\maven\shared\file-management\3.1.0\file-management-3.1.0.jar;C:\Users\shado\.m2\repository\org\apache\maven\reporting\maven-reporting-api\3.0\maven-reporting-api-3.0.jar;C:\Users\shado\.m2\repository\org\jacoco\org.jacoco.agent\0.8.12\org.jacoco.agent-0.8.12-runtime.jar;C:\Users\shado\.m2\repository\org\jacoco\org.jacoco.core\0.8.12\org.jacoco.core-0.8.12.jar;C:\Users\shado\.m2\repository\org\ow2\asm\asm\9.7\asm-9.7.jar;C:\Users\shado\.m2\repository\org\ow2\asm\asm-commons\9.7\asm-commons-9.7.jar;C:\Users\shado\.m2\repository\org\ow2\asm\asm-tree\9.7\asm-tree-9.7.jar;C:\Users\shado\.m2\repository\org\jacoco\org.jacoco.report\0.8.12\org.jacoco.report-0.8.12.jar;C:\Users\shado\.m2\repository\org\springframework\spring-test\6.1.14\spring-test-6.1.14.jar;C:\Users\shado\.m2\repository\org\springframework\boot\spring-boot-starter-test\3.3.5\spring-boot-starter-test-3.3.5.jar;C:\Users\shado\.m2\repository\org\springframework\boot\spring-boot-test\3.3.5\spring-boot-test-3.3.5.jar;C:\Users\shado\.m2\repository\org\springframework\boot\spring-boot-test-autoconfigure\3.3.5\spring-boot-test-autoconfigure-3.3.5.jar;C:\Users\shado\.m2\repository\com\jayway\jsonpath\json-path\2.9.0\json-path-2.9.0.jar;C:\Users\shado\.m2\repository\net\minidev\json-smart\2.5.1\json-smart-2.5.1.jar;C:\Users\shado\.m2\repository\net\minidev\accessors-smart\2.5.1\accessors-smart-2.5.1.jar;C:\Users\shado\.m2\repository\org\assertj\assertj-core\3.25.3\assertj-core-3.25.3.jar;C:\Users\shado\.m2\repository\org\awaitility\awaitility\4.2.2\awaitility-4.2.2.jar;C:\Users\shado\.m2\repository\org\hamcrest\hamcrest\2.2\hamcrest-2.2.jar;C:\Users\shado\.m2\repository\org\mockito\mockito-junit-jupiter\5.11.0\mockito-junit-jupiter-5.11.0.jar;C:\Users\shado\.m2\repository\org\skyscreamer\jsonassert\1.5.3\jsonassert-1.5.3.jar;C:\Users\shado\.m2\repository\com\vaadin\external\google\android-json\0.0.20131108.vaadin1\android-json-0.0.20131108.vaadin1.jar;C:\Users\shado\.m2\repository\org\xmlunit\xmlunit-core\2.9.1\xmlunit-core-2.9.1.jar;"/>
    <property name="sun.cpu.endian" value="little"/>
    <property name="user.home" value="C:\Users\shado"/>
    <property name="user.language" value="de"/>
    <property name="java.specification.vendor" value="Oracle Corporation"/>
    <property name="java.version.date" value="2024-01-16"/>
    <property name="java.home" value="C:\Users\shado\.jdks\jdk-21.0.2"/>
    <property name="file.separator" value="\"/>
    <property name="basedir" value="H:\Java\eVoting-DE"/>
    <property name="java.vm.compressedOopsMode" value="Zero based"/>
    <property name="line.separator" value="&#10;"/>
    <property name="java.vm.specification.vendor" value="Oracle Corporation"/>
    <property name="java.specification.name" value="Java Platform API Specification"/>
    <property name="surefire.real.class.path" value="C:\Users\shado\AppData\Local\Temp\surefire10109132946940477605\surefirebooter-20241128211855376_3.jar"/>
    <property name="user.script" value=""/>
    <property name="sun.management.compiler" value="HotSpot 64-Bit Tiered Compilers"/>
    <property name="java.runtime.version" value="21.0.2+13-58"/>
    <property name="user.name" value="shado"/>
    <property name="stdout.encoding" value="Cp1252"/>
    <property name="path.separator" value=";"/>
    <property name="os.version" value="10.0"/>
    <property name="java.runtime.name" value="OpenJDK Runtime Environment"/>
    <property name="file.encoding" value="UTF-8"/>
    <property name="java.vm.name" value="OpenJDK 64-Bit Server VM"/>
    <property name="localRepository" value="C:\Users\shado\.m2\repository"/>
    <property name="java.vendor.url.bug" value="https://bugreport.java.com/bugreport/"/>
    <property name="java.io.tmpdir" value="C:\Users\shado\AppData\Local\Temp\"/>
    <property name="java.version" value="21.0.2"/>
    <property name="user.dir" value="H:\Java\eVoting-DE"/>
    <property name="os.arch" value="amd64"/>
    <property name="java.vm.specification.name" value="Java Virtual Machine Specification"/>
    <property name="sun.os.patch.level" value=""/>
    <property name="native.encoding" value="Cp1252"/>
    <property name="java.library.path" value="C:\Users\shado\.jdks\jdk-21.0.2\bin;C:\WINDOWS\Sun\Java\bin;C:\WINDOWS\system32;C:\WINDOWS;C:\Program Files (x86)\Razer Chroma SDK\bin;C:\Program Files\Razer Chroma SDK\bin;C:\Program Files (x86)\Razer\ChromaBroadcast\bin;C:\Program Files\Razer\ChromaBroadcast\bin;C:\WINDOWS\system32;C:\WINDOWS;C:\WINDOWS\System32\Wbem;C:\WINDOWS\System32\WindowsPowerShell\v1.0\;C:\WINDOWS\System32\OpenSSH\;H:\Program Files\nodejs\;C:\Program Files\Git\cmd;C:\Program Files\dotnet\;h:\Program Files\Gauge\bin;C:\Program Files (x86)\HP\Common\HPDestPlgIn\;C:\Program Files (x86)\HP\IdrsOCR_15.4.1132.0\;C:\Program Files (x86)\dotnet\;C:\Program Files\NVIDIA Corporation\NVIDIA NvDLISR;C:\Program Files (x86)\NVIDIA Corporation\PhysX\Common;C:\WINDOWS\system32\config\systemprofile\AppData\Local\Microsoft\WindowsApps;H:\Program Files (x86)\Gpg4win\..\GnuPG\bin;;C:\Program Files\Docker\Docker\resources\bin;C:\Program Files\PuTTY\;C:\Program Files\MySQL\MySQL Shell 8.0\bin\;C:\Users\shado\AppData\Local\Microsoft\WindowsApps;C:\Users\shado\AppData\Roaming\npm;C:\Users\shado\.dotnet\tools;C:\Users\shado\AppData\Local\Programs\Microsoft VS Code\bin;C:\Program Files (x86)\HP\Common\HPDestPlgIn\;C:\Program Files\JetBrains\IntelliJ IDEA 2024.2.3\bin;;C:\Program Files\JetBrains\WebStorm 2024.2.3\bin;;C:\Users\shado\.jdks\jdk-21.0.2\bin;C:\Users\shado\apache-maven-3.9.6\bin;C:\Program Files\JetBrains\Aqua 2024.2.1\bin;;C:\Program Files\JetBrains\PyCharm 2024.2.3\bin;;."/>
    <property name="java.vm.info" value="mixed mode, sharing"/>
    <property name="stderr.encoding" value="Cp1252"/>
    <property name="java.vendor" value="Oracle Corporation"/>
    <property name="java.vm.version" value="21.0.2+13-58"/>
    <property name="sun.io.unicode.encoding" value="UnicodeLittle"/>
    <property name="java.class.version" value="65.0"/>
  </properties>
  <testcase name="testConstructorAndGetters" classname="org.evoting.de.topicmanagement.domain.model.topic.TopicTest" time="0.0"/>
  <testcase name="testManyToManyRelationship" classname="org.evoting.de.topicmanagement.domain.model.topic.TopicTest" time="0.001"/>
  <testcase name="testSetters" classname="org.evoting.de.topicmanagement.domain.model.topic.TopicTest" time="0.0"/>
</testsuite>